2023-10-25T10:45:21+00:00 CRITICAL Maximum execution time of 120 seconds exceeded in C:\xampp\htdocs\website\wp-content\plugins\pro-elements\plugin.php on line 159

2023-10-25T10:45:23+00:00 CRITICAL Maximum execution time of 120 seconds exceeded in C:\xampp\htdocs\website\wp-includes\functions.php on line 6691

2023-10-25T10:46:17+00:00 CRITICAL Maximum execution time of 120 seconds exceeded in C:\xampp\htdocs\website\wp-content\plugins\ultimate-member\templates\modal\um_upload_single.php on line 9

2023-10-25T11:41:58+00:00 CRITICAL Maximum execution time of 120 seconds exceeded in C:\xampp\htdocs\website\wp-includes\class-wpdb.php on line 2459

2023-10-25T11:47:49+00:00 CRITICAL Maximum execution time of 120 seconds exceeded in C:\xampp\htdocs\website\wp-includes\class-wpdb.php on line 2459

2023-10-25T11:50:26+00:00 CRITICAL Maximum execution time of 120 seconds exceeded in C:\xampp\htdocs\website\wp-content\plugins\pro-elements\core\upgrade\manager.php on line 6

2023-10-25T11:50:50+00:00 CRITICAL Maximum execution time of 120 seconds exceeded in C:\xampp\htdocs\website\wp-content\plugins\elementor\includes\autoloader.php on line 293

2023-10-25T11:51:24+00:00 CRITICAL Maximum execution time of 120 seconds exceeded in C:\xampp\htdocs\website\wp-content\plugins\cartflows\classes\logger\class-cartflows-log-handler.php on line 9

2023-10-25T11:52:15+00:00 CRITICAL Maximum execution time of 120 seconds exceeded in C:\xampp\htdocs\website\wp-content\plugins\elementor\core\common\modules\connect\apps\base-app.php on line 13

2023-10-25T11:52:50+00:00 CRITICAL Maximum execution time of 120 seconds exceeded in C:\xampp\htdocs\website\wp-includes\blocks.php on line 363

2023-10-25T11:53:12+00:00 CRITICAL Maximum execution time of 120 seconds exceeded in C:\xampp\htdocs\website\wp-includes\blocks.php on line 576

2023-10-25T11:53:13+00:00 CRITICAL Maximum execution time of 120 seconds exceeded in C:\xampp\htdocs\website\wp-content\plugins\woocommerce\packages\woocommerce-blocks\src\BlockTypes\AbstractBlock.php on line 65

2023-10-25T11:53:20+00:00 CRITICAL Maximum execution time of 120 seconds exceeded in C:\xampp\htdocs\website\wp-includes\class-wpdb.php on line 2459

2023-10-25T11:53:47+00:00 CRITICAL Maximum execution time of 120 seconds exceeded in C:\xampp\htdocs\website\wp-includes\class-wpdb.php on line 2459

2023-10-25T11:54:13+00:00 CRITICAL Maximum execution time of 120 seconds exceeded in C:\xampp\htdocs\website\wp-content\plugins\jetpack\class.jetpack.php on line 3866

2023-10-25T11:54:54+00:00 CRITICAL Maximum execution time of 120 seconds exceeded in C:\xampp\htdocs\website\wp-content\plugins\jetpack\vendor\jetpack-autoloader\class-php-autoloader.php on line 85

2023-10-25T11:54:59+00:00 CRITICAL Maximum execution time of 120 seconds exceeded in C:\xampp\htdocs\website\wp-includes\Requests\src\Autoload.php on line 151

2023-10-25T11:55:04+00:00 CRITICAL Maximum execution time of 120 seconds exceeded in C:\xampp\htdocs\website\wp-config.php on line 102

2023-10-25T11:58:21+00:00 CRITICAL Maximum execution time of 120 seconds exceeded in C:\xampp\htdocs\website\wp-includes\class-wpdb.php on line 2459

2023-10-25T11:58:23+00:00 CRITICAL Maximum execution time of 120 seconds exceeded in C:\xampp\htdocs\website\wp-includes\class-wpdb.php on line 2459

2023-10-25T11:58:31+00:00 CRITICAL Maximum execution time of 120 seconds exceeded in C:\xampp\htdocs\website\wp-admin\includes\plugin.php on line 334

2023-10-25T11:58:54+00:00 CRITICAL Maximum execution time of 120 seconds exceeded in C:\xampp\htdocs\website\wp-includes\class-wpdb.php on line 2459

2023-10-25T11:59:05+00:00 CRITICAL Maximum execution time of 120 seconds exceeded in C:\xampp\htdocs\website\wp-content\plugins\cartflows\modules\flow\classes\class-cartflows-permalink.php on line 9

2023-10-25T11:59:16+00:00 CRITICAL Maximum execution time of 120 seconds exceeded in C:\xampp\htdocs\website\wp-includes\class-wpdb.php on line 2459

2023-10-25T11:59:27+00:00 CRITICAL Maximum execution time of 120 seconds exceeded in C:\xampp\htdocs\website\wp-content\plugins\cartflows\modules\checkout\classes\layouts\class-cartflows-modern-checkout.php on line 9

2023-10-25T12:00:05+00:00 CRITICAL Maximum execution time of 120 seconds exceeded in C:\xampp\htdocs\website\wp-includes\blocks.php on line 576

2023-10-25T12:00:14+00:00 CRITICAL Maximum execution time of 120 seconds exceeded in C:\xampp\htdocs\website\wp-content\plugins\woocommerce\packages\woocommerce-blocks\src\BlockTypes\AbstractBlock.php on line 65

2023-10-25T12:00:30+00:00 CRITICAL Maximum execution time of 120 seconds exceeded in C:\xampp\htdocs\website\wp-includes\functions.php on line 6691

2023-10-25T12:01:13+00:00 CRITICAL Maximum execution time of 120 seconds exceeded in C:\xampp\htdocs\website\wp-includes\class-wpdb.php on line 2459

2023-10-25T12:01:31+00:00 CRITICAL Maximum execution time of 120 seconds exceeded in C:\xampp\htdocs\website\wp-includes\class-wpdb.php on line 2459

2023-10-25T12:01:36+00:00 CRITICAL Maximum execution time of 120 seconds exceeded in C:\xampp\htdocs\website\wp-includes\class-wpdb.php on line 2459

2023-10-25T12:01:43+00:00 CRITICAL Maximum execution time of 120 seconds exceeded in C:\xampp\htdocs\website\wp-includes\class-wpdb.php on line 2459

2023-10-25T12:02:11+00:00 CRITICAL Maximum execution time of 120 seconds exceeded in C:\xampp\htdocs\website\wp-content\plugins\dynamic-visibility-for-elementor\vendor\composer\ClassLoader.php on line 430

2023-10-25T12:02:30+00:00 CRITICAL Maximum execution time of 120 seconds exceeded in C:\xampp\htdocs\website\wp-includes\functions.php on line 650

2023-10-25T12:02:50+00:00 CRITICAL Maximum execution time of 120 seconds exceeded in C:\xampp\htdocs\website\wp-includes\class-wpdb.php on line 2459

2023-10-25T12:03:11+00:00 CRITICAL Maximum execution time of 120 seconds exceeded in C:\xampp\htdocs\website\wp-content\plugins\cartflows\classes\class-cartflows-functions.php on line 39

2023-10-25T12:03:39+00:00 CRITICAL Maximum execution time of 120 seconds exceeded in C:\xampp\htdocs\website\wp-content\plugins\dynamic-visibility-for-elementor\vendor\composer\ClassLoader.php on line 427

2023-10-25T12:03:48+00:00 CRITICAL Maximum execution time of 120 seconds exceeded in C:\xampp\htdocs\website\wp-admin\includes\screen.php on line 225

2023-10-25T12:04:40+00:00 CRITICAL Maximum execution time of 120 seconds exceeded in C:\xampp\htdocs\website\wp-includes\Requests\src\Transport\Curl.php on line 25

2023-10-25T14:49:06+00:00 CRITICAL Maximum execution time of 120 seconds exceeded in C:\xampp\htdocs\website\wp-content\plugins\elementor\includes\utils.php on line 816

2023-10-25T15:33:34+00:00 CRITICAL Maximum execution time of 120 seconds exceeded in C:\xampp\htdocs\website\wp-includes\class-wpdb.php on line 2459

