2023-10-10T14:24:56+00:00 CRITICAL Maximum execution time of 120 seconds exceeded in C:\xampp\htdocs\website\wp-content\plugins\pro-elements\modules\custom-code\module.php on line 18

2023-10-10T14:25:11+00:00 CRITICAL Maximum execution time of 120 seconds exceeded in C:\xampp\htdocs\website\wp-content\plugins\woocommerce\includes\admin\class-wc-admin-post-types.php on line 12

2023-10-10T14:27:50+00:00 CRITICAL Maximum execution time of 120 seconds exceeded in C:\xampp\htdocs\website\wp-admin\includes\class-wp-filesystem-direct.php on line 82

2023-10-10T15:06:58+00:00 CRITICAL Maximum execution time of 120 seconds exceeded in C:\xampp\htdocs\website\wp-content\plugins\woocommerce\packages\action-scheduler\classes\abstracts\ActionScheduler.php on line 70

2023-10-10T15:08:51+00:00 CRITICAL Maximum execution time of 120 seconds exceeded in C:\xampp\htdocs\website\wp-includes\class-wpdb.php on line 2459

2023-10-10T15:09:18+00:00 CRITICAL Maximum execution time of 120 seconds exceeded in C:\xampp\htdocs\website\wp-includes\blocks.php on line 352

2023-10-10T15:09:22+00:00 CRITICAL Maximum execution time of 120 seconds exceeded in C:\xampp\htdocs\website\wp-includes\class-wpdb.php on line 2459

2023-10-10T15:09:28+00:00 CRITICAL Maximum execution time of 120 seconds exceeded in C:\xampp\htdocs\website\wp-includes\pluggable.php on line 2477

2023-10-10T15:09:29+00:00 CRITICAL Maximum execution time of 120 seconds exceeded in C:\xampp\htdocs\website\wp-includes\post.php on line 2279

2023-10-10T15:09:29+00:00 CRITICAL Maximum execution time of 120 seconds exceeded in C:\xampp\htdocs\website\wp-content\plugins\pro-elements\modules\screenshots\module.php on line 8

2023-10-10T15:09:32+00:00 CRITICAL Maximum execution time of 120 seconds exceeded in C:\xampp\htdocs\website\wp-content\themes\astra\inc\compatibility\lifterlms\class-astra-lifterlms.php on line 10

2023-10-10T15:09:33+00:00 CRITICAL Maximum execution time of 120 seconds exceeded in C:\xampp\htdocs\website\wp-includes\blocks.php on line 384

2023-10-10T15:09:40+00:00 CRITICAL Maximum execution time of 120 seconds exceeded in C:\xampp\htdocs\website\wp-content\plugins\pro-elements\modules\flip-box\module.php on line 6

2023-10-10T15:09:52+00:00 CRITICAL Maximum execution time of 120 seconds exceeded in C:\xampp\htdocs\website\wp-includes\functions.php on line 650

2023-10-10T15:09:52+00:00 CRITICAL Maximum execution time of 120 seconds exceeded in C:\xampp\htdocs\website\wp-content\plugins\pro-elements\plugin.php on line 159

2023-10-10T15:09:52+00:00 CRITICAL Maximum execution time of 120 seconds exceeded in C:\xampp\htdocs\website\wp-includes\http.php on line 697

2023-10-10T15:09:52+00:00 CRITICAL Maximum execution time of 120 seconds exceeded in C:\xampp\htdocs\website\wp-content\plugins\woocommerce\packages\woocommerce-blocks\src\BlockTypes\AbstractBlock.php on line 65

2023-10-10T15:09:52+00:00 CRITICAL Maximum execution time of 120 seconds exceeded in C:\xampp\htdocs\website\wp-includes\plugin.php on line 1003

2023-10-10T15:09:59+00:00 CRITICAL Maximum execution time of 120 seconds exceeded in C:\xampp\htdocs\website\wp-includes\Requests\src\Transport\Curl.php on line 205

2023-10-10T15:10:01+00:00 CRITICAL Maximum execution time of 120 seconds exceeded in C:\xampp\htdocs\website\wp-includes\class-wpdb.php on line 2459

2023-10-10T15:10:01+00:00 CRITICAL Maximum execution time of 120 seconds exceeded in C:\xampp\htdocs\website\wp-content\plugins\jetpack\class.jetpack.php on line 6224

2023-10-10T15:10:17+00:00 CRITICAL Maximum execution time of 120 seconds exceeded in C:\xampp\htdocs\website\wp-admin\includes\class-wp-privacy-data-export-requests-list-table.php on line 10

2023-10-10T15:16:36+00:00 CRITICAL Maximum execution time of 120 seconds exceeded in C:\xampp\htdocs\website\wp-includes\class-wpdb.php on line 2459

2023-10-10T15:18:24+00:00 CRITICAL Maximum execution time of 120 seconds exceeded in C:\xampp\htdocs\website\wp-content\plugins\woocommerce\woocommerce.php on line 47

2023-10-10T15:18:32+00:00 CRITICAL Maximum execution time of 120 seconds exceeded in C:\xampp\htdocs\website\wp-includes\class-wp-query.php on line 561

2023-10-10T15:18:32+00:00 CRITICAL Maximum execution time of 120 seconds exceeded in C:\xampp\htdocs\website\wp-includes\class-wp-list-util.php on line 166

2023-10-10T15:18:33+00:00 CRITICAL Maximum execution time of 120 seconds exceeded in C:\xampp\htdocs\website\wp-includes\class-wpdb.php on line 2459

2023-10-10T15:31:58+00:00 CRITICAL Maximum execution time of 120 seconds exceeded in C:\xampp\htdocs\website\wp-includes\kses.php on line 2653

2023-10-10T15:31:58+00:00 CRITICAL Maximum execution time of 120 seconds exceeded in C:\xampp\htdocs\website\wp-includes\formatting.php on line 966

2023-10-10T15:31:58+00:00 CRITICAL Maximum execution time of 120 seconds exceeded in C:\xampp\htdocs\website\wp-includes\class-wp-hook.php on line 310

2023-10-10T15:31:58+00:00 CRITICAL Maximum execution time of 120 seconds exceeded in C:\xampp\htdocs\website\wp-content\plugins\litespeed-cache\src\root.cls.php on line 209

2023-10-10T15:31:59+00:00 CRITICAL Maximum execution time of 120 seconds exceeded in C:\xampp\htdocs\website\wp-includes\http.php on line 185

2023-10-10T15:31:59+00:00 CRITICAL Maximum execution time of 120 seconds exceeded in C:\xampp\htdocs\website\wp-content\plugins\woocommerce\packages\woocommerce-blocks\src\BlockTypes\AbstractBlock.php on line 65

2023-10-10T15:32:04+00:00 CRITICAL Maximum execution time of 120 seconds exceeded in C:\xampp\htdocs\website\wp-includes\class-wp-block-type.php on line 494

2023-10-10T15:32:04+00:00 CRITICAL Maximum execution time of 120 seconds exceeded in C:\xampp\htdocs\website\wp-includes\class-wp-hook.php on line 85

2023-10-10T15:32:05+00:00 CRITICAL Maximum execution time of 120 seconds exceeded in C:\xampp\htdocs\website\wp-includes\plugin.php on line 482

2023-10-10T15:32:07+00:00 CRITICAL Maximum execution time of 120 seconds exceeded in C:\xampp\htdocs\website\wp-content\plugins\wpforms-lite\includes\fields\class-base.php on line 140

2023-10-10T15:32:08+00:00 CRITICAL Maximum execution time of 120 seconds exceeded in C:\xampp\htdocs\website\wp-content\plugins\woocommerce\includes\wc-deprecated-functions.php on line 224

2023-10-10T15:32:09+00:00 CRITICAL Maximum execution time of 120 seconds exceeded in C:\xampp\htdocs\website\wp-content\plugins\pro-elements\plugin.php on line 120

2023-10-10T15:32:09+00:00 CRITICAL Maximum execution time of 120 seconds exceeded in C:\xampp\htdocs\website\wp-content\plugins\astra-sites\inc\importers\wxr-importer\class-astra-wxr-importer.php on line 9

2023-10-10T15:32:16+00:00 CRITICAL Maximum execution time of 120 seconds exceeded in C:\xampp\htdocs\website\wp-content\plugins\ultimate-member\includes\class-init.php on line 1259

2023-10-10T15:32:21+00:00 CRITICAL Maximum execution time of 120 seconds exceeded in C:\xampp\htdocs\website\wp-content\plugins\litespeed-cache\src\control.cls.php on line 125

2023-10-10T15:32:23+00:00 CRITICAL Maximum execution time of 120 seconds exceeded in C:\xampp\htdocs\website\wp-content\plugins\dynamic-visibility-for-elementor\includes\extensions\dynamic-visibility.php on line 9

2023-10-10T15:32:26+00:00 CRITICAL Maximum execution time of 120 seconds exceeded in C:\xampp\htdocs\website\wp-content\plugins\woocommerce\includes\tracks\class-wc-site-tracking.php on line 230

2023-10-10T15:33:11+00:00 CRITICAL Maximum execution time of 120 seconds exceeded in C:\xampp\htdocs\website\wp-includes\class-wpdb.php on line 2459

